app/build/intermediates/manifest_merge_blame_file/debug/manifest-merger-blame-debug-report.txt
1<?xml version="1.0" encoding="utf-8"?>
2<manifest xmlns:android="http://schemas.android.com/apk/res/android"
3    package="com.example.allinone"
4    android:versionCode="1"
5    android:versionName="1.0" >
6
7    <uses-sdk
8        android:minSdkVersion="16"
8-->src\main\AndroidManifest.xml
9        android:targetSdkVersion="30" />
9-->src\main\AndroidManifest.xml
10
11    <uses-permission android:name="android.permission.ACCESS_COARSE_LOCATION" />
11-->src\main\AndroidManifest.xml:5:5-81
11-->src\main\AndroidManifest.xml:5:22-78
12    <uses-permission android:name="android.permission.ACCESS_FINE_LOCATION" />
12-->src\main\AndroidManifest.xml:6:5-79
12-->src\main\AndroidManifest.xml:6:22-76
13    <uses-permission android:name="android.permission.ACCESS_NETWORK_STATE" />
13-->src\main\AndroidManifest.xml:7:5-79
13-->src\main\AndroidManifest.xml:7:22-76
14    <uses-permission android:name="android.permission.INTERNET" />
14-->src\main\AndroidManifest.xml:8:5-67
14-->src\main\AndroidManifest.xml:8:22-64
15    <uses-permission android:name="android.permission.READ_EXTERNAL_STORAGE" />
15-->src\main\AndroidManifest.xml:9:5-80
15-->src\main\AndroidManifest.xml:9:22-77
16    <uses-permission android:name="android.permission.WRITE_EXTERNAL_STORAGE" />
16-->src\main\AndroidManifest.xml:10:5-81
16-->src\main\AndroidManifest.xml:10:22-78
17    <uses-permission android:name="android.permission.CAMERA" />
17-->src\main\AndroidManifest.xml:11:5-65
17-->src\main\AndroidManifest.xml:11:22-62
18    <uses-permission android:name="android.permission.RECORD_AUDIO" />
18-->src\main\AndroidManifest.xml:12:5-71
18-->src\main\AndroidManifest.xml:12:22-68
19    <uses-permission android:name="android.permission.CALL_PHONE" />
19-->src\main\AndroidManifest.xml:13:5-69
19-->src\main\AndroidManifest.xml:13:22-66
20
21    <uses-feature
21-->[com.google.android.gms:play-services-maps:17.0.0] AndroidManifest.xml:26:5-28:35
22        android:glEsVersion="0x00020000"
22-->[com.google.android.gms:play-services-maps:17.0.0] AndroidManifest.xml:27:9-41
23        android:required="true" />
23-->[com.google.android.gms:play-services-maps:17.0.0] AndroidManifest.xml:28:9-32
24
25    <application
25-->src\main\AndroidManifest.xml:15:5-54:19
26        android:allowBackup="true"
26-->src\main\AndroidManifest.xml:16:9-35
27        android:appComponentFactory="androidx.core.app.CoreComponentFactory"
27-->[androidx.core:core:1.3.1] AndroidManifest.xml:24:18-86
28        android:debuggable="true"
29        android:icon="@mipmap/ic_launcher"
29-->src\main\AndroidManifest.xml:17:9-43
30        android:label="@string/app_name"
30-->src\main\AndroidManifest.xml:18:9-41
31        android:roundIcon="@mipmap/ic_launcher_round"
31-->src\main\AndroidManifest.xml:19:9-54
32        android:supportsRtl="true"
32-->src\main\AndroidManifest.xml:20:9-35
33        android:testOnly="true"
34        android:theme="@style/Theme.AllinOne"
34-->src\main\AndroidManifest.xml:21:9-46
35        android:usesCleartextTraffic="true" >
35-->src\main\AndroidManifest.xml:22:9-44
36        <activity android:name="com.example.allinone.Activities.GPSTurnON" />
36-->src\main\AndroidManifest.xml:23:9-67
36-->src\main\AndroidManifest.xml:23:19-55
37        <activity android:name="com.example.allinone.Messaging_Socket.ChatBoxActivity" />
37-->src\main\AndroidManifest.xml:24:9-70
37-->src\main\AndroidManifest.xml:24:19-67
38        <activity android:name="com.example.allinone.Messaging_Socket.MessagingActivity" />
38-->src\main\AndroidManifest.xml:25:9-72
38-->src\main\AndroidManifest.xml:25:19-69
39        <activity android:name="com.example.allinone.Activities.VoiceToText" />
39-->src\main\AndroidManifest.xml:26:9-60
39-->src\main\AndroidManifest.xml:26:19-57
40        <activity android:name="com.example.allinone.Activities.SignatureView" />
40-->src\main\AndroidManifest.xml:27:9-62
40-->src\main\AndroidManifest.xml:27:19-59
41        <activity android:name="com.example.allinone.CameraGalleryPaths.CameraGalleryPathSaveActivity" />
41-->src\main\AndroidManifest.xml:28:9-86
41-->src\main\AndroidManifest.xml:28:19-83
42        <activity android:name="com.example.allinone.Activities.ContinuousGPSUpdate" />
42-->src\main\AndroidManifest.xml:29:9-68
42-->src\main\AndroidManifest.xml:29:19-65
43        <activity android:name="com.example.allinone.Activities.PermissionsActivity" />
43-->src\main\AndroidManifest.xml:30:9-68
43-->src\main\AndroidManifest.xml:30:19-65
44        <activity android:name="com.example.allinone.UploadImageClasses.DisplayImage" />
44-->src\main\AndroidManifest.xml:31:9-69
44-->src\main\AndroidManifest.xml:31:19-66
45        <activity android:name="com.example.allinone.UploadImageClasses.ViewImagesActivity" />
45-->src\main\AndroidManifest.xml:32:9-75
45-->src\main\AndroidManifest.xml:32:19-72
46        <activity android:name="com.example.allinone.UploadImageClasses.CanvasViewActivity" />
46-->src\main\AndroidManifest.xml:33:9-75
46-->src\main\AndroidManifest.xml:33:19-72
47        <activity android:name="com.example.allinone.Activities.DialogActivity" />
47-->src\main\AndroidManifest.xml:34:9-63
47-->src\main\AndroidManifest.xml:34:19-60
48        <activity android:name="com.example.allinone.Activities.TimeDateActivity" />
48-->src\main\AndroidManifest.xml:35:9-65
48-->src\main\AndroidManifest.xml:35:19-62
49        <activity android:name="com.example.allinone.UploadImageClasses.UploadImages" />
49-->src\main\AndroidManifest.xml:36:9-69
49-->src\main\AndroidManifest.xml:36:19-66
50        <activity android:name="com.example.allinone.MainActivity" >
50-->src\main\AndroidManifest.xml:37:9-43:20
50-->src\main\AndroidManifest.xml:37:19-47
51            <intent-filter>
51-->src\main\AndroidManifest.xml:38:13-42:29
52                <action android:name="android.intent.action.MAIN" />
52-->src\main\AndroidManifest.xml:39:17-69
52-->src\main\AndroidManifest.xml:39:25-66
53
54                <category android:name="android.intent.category.LAUNCHER" />
54-->src\main\AndroidManifest.xml:41:17-77
54-->src\main\AndroidManifest.xml:41:27-74
55            </intent-filter>
56        </activity>
57
58        <provider
58-->src\main\AndroidManifest.xml:45:9-53:20
59            android:name="androidx.core.content.FileProvider"
59-->src\main\AndroidManifest.xml:46:13-62
60            android:authorities="com.example.allinone"
60-->src\main\AndroidManifest.xml:47:13-55
61            android:exported="false"
61-->src\main\AndroidManifest.xml:48:13-37
62            android:grantUriPermissions="true" >
62-->src\main\AndroidManifest.xml:49:13-47
63            <meta-data
63-->src\main\AndroidManifest.xml:50:13-52:54
64                android:name="android.support.FILE_PROVIDER_PATHS"
64-->src\main\AndroidManifest.xml:51:17-67
65                android:resource="@xml/file_paths" />
65-->src\main\AndroidManifest.xml:52:17-51
66        </provider>
67        <provider
67-->[com.squareup.picasso:picasso:2.71828] AndroidManifest.xml:8:9-11:40
68            android:name="com.squareup.picasso.PicassoProvider"
68-->[com.squareup.picasso:picasso:2.71828] AndroidManifest.xml:9:13-64
69            android:authorities="com.example.allinone.com.squareup.picasso"
69-->[com.squareup.picasso:picasso:2.71828] AndroidManifest.xml:10:13-72
70            android:exported="false" /> <!-- Needs to be explicitly declared on P+ -->
70-->[com.squareup.picasso:picasso:2.71828] AndroidManifest.xml:11:13-37
71        <uses-library
71-->[com.google.android.gms:play-services-maps:17.0.0] AndroidManifest.xml:33:9-35:40
72            android:name="org.apache.http.legacy"
72-->[com.google.android.gms:play-services-maps:17.0.0] AndroidManifest.xml:34:13-50
73            android:required="false" />
73-->[com.google.android.gms:play-services-maps:17.0.0] AndroidManifest.xml:35:13-37
74
75        <activity
75-->[com.google.android.gms:play-services-base:17.3.0] AndroidManifest.xml:23:9-26:75
76            android:name="com.google.android.gms.common.api.GoogleApiActivity"
76-->[com.google.android.gms:play-services-base:17.3.0] AndroidManifest.xml:24:13-79
77            android:exported="false"
77-->[com.google.android.gms:play-services-base:17.3.0] AndroidManifest.xml:25:13-37
78            android:theme="@android:style/Theme.Translucent.NoTitleBar" />
78-->[com.google.android.gms:play-services-base:17.3.0] AndroidManifest.xml:26:13-72
79
80        <meta-data
80-->[com.google.android.gms:play-services-basement:17.3.0] AndroidManifest.xml:23:9-25:69
81            android:name="com.google.android.gms.version"
81-->[com.google.android.gms:play-services-basement:17.3.0] AndroidManifest.xml:24:13-58
82            android:value="@integer/google_play_services_version" />
82-->[com.google.android.gms:play-services-basement:17.3.0] AndroidManifest.xml:25:13-66
83    </application>
84
85</manifest>